#
# A fatal error has been detected by the Java Runtime Environment:
#
#  SIGSEGV (0xb) at pc=0x00000000, pid=25541, tid=3065142080
#
# JRE version: 7.0_17-b02
# Java VM: Java HotSpot(TM) Server VM (23.7-b01 mixed mode linux-x86 )
# Problematic frame:
# C  0x00000000
#
# Failed to write core dump. Core dumps have been disabled. To enable core dumping, try "ulimit -c unlimited" before starting Java again
#
# If you would like to submit a bug report, please visit:
#   http://bugreport.sun.com/bugreport/crash.jsp
#

---------------  T H R E A D  ---------------

Current thread (0xb6905c00):  JavaThread "main" [_thread_in_Java, id=25543, stack(0xb6ad5000,0xb6b26000)]

siginfo:si_signo=SIGSEGV: si_errno=0, si_code=1 (SEGV_MAPERR), si_addr=0x00000000

Registers:
EAX=0x00000000, EBX=0x7264e390, ECX=0x9f240da0, EDX=0x0c800001
ESP=0xb6b244b0, EBP=0xb6b244d8, ESI=0xb6b244b4, EDI=0xb6b244dc
EIP=0x00000000, EFLAGS=0x00210246, CR2=0x00000000

Top of Stack: (sp=0xb6b244b0)
0xb6b244b0:   b39036fb 9f240da0 b6b244b8 72658c5b
0xb6b244c0:   b6b244dc 726b4d58 00000000 72658c98
0xb6b244d0:   b6b244b4 b6b244e0 b6b244f8 b3900459
0xb6b244e0:   72658c98 ffffffff 00001f80 b731ccac
0xb6b244f0:   b690611c b6b24544 b6b24588 b6f38845
0xb6b24500:   b6b24544 b6b24644 0000000a 72658c98
0xb6b24510:   b3909c40 b6b24600 00000000 b6905c00
0xb6b24520:   b6b24544 b6b24564 b3909c40 0000000a 

Instructions: (pc=0x00000000)
0xffffffe0:   

Register to memory mapping:

EAX=0x00000000 is an unknown value
EBX=0x7264e390 is an oop
{method} 
 - klass: {other class}
ECX=0x9f240da0 is an oop
java.lang.Class 
 - klass: 'java/lang/Class'
EDX=0x0c800001 is an unknown value
ESP=0xb6b244b0 is pointing into the stack for thread: 0xb6905c00
EBP=0xb6b244d8 is pointing into the stack for thread: 0xb6905c00
ESI=0xb6b244b4 is pointing into the stack for thread: 0xb6905c00
EDI=0xb6b244dc is pointing into the stack for thread: 0xb6905c00


Stack: [0xb6ad5000,0xb6b26000],  sp=0xb6b244b0,  free space=317k

---------------  P R O C E S S  ---------------

Java Threads: ( => current thread )
=>0xb6905c00 JavaThread "main" [_thread_in_Java, id=25543, stack(0xb6ad5000,0xb6b26000)]

Other Threads:
  0x6f130400 VMThread [stack: 0x6f07f000,0x6f100000] [id=25546]

VM state:not at safepoint (normal execution)

VM Mutex/Monitor currently owned by a thread: None

Heap
 PSYoungGen      total 18304K, used 314K [0x9f240000, 0xa06a0000, 0xb3840000)
  eden space 15744K, 2% used [0x9f240000,0x9f28ebf8,0xa01a0000)
  from space 2560K, 0% used [0xa0420000,0xa0420000,0xa06a0000)
  to   space 2560K, 0% used [0xa01a0000,0xa01a0000,0xa0420000)
 ParOldGen       total 41728K, used 0K [0x76640000, 0x78f00000, 0x9f240000)
  object space 41728K, 0% used [0x76640000,0x76640000,0x78f00000)
 PSPermGen       total 16384K, used 551K [0x72640000, 0x73640000, 0x76640000)
  object space 16384K, 3% used [0x72640000,0x726c9d80,0x73640000)

Card table byte_map: [0x72436000,0x72640000] byte_map_base: 0x720a2e00

Polling page: 0xb776e000

Code Cache  [0xb3900000, 0xb3b40000, 0xb6900000)
 total_blobs=42 nmethods=0 adapters=18 free_code_cache=48880Kb largest_free_block=50053760

Compilation events (0 events):
No events

GC Heap History (0 events):
No events

Deoptimization events (0 events):
No events

Internal exceptions (0 events):
No events

Events (10 events):
Event: 0.017 loading class 0xb69317d0 done
Event: 0.017 loading class 0xb69317a8 done
Event: 0.017 loading class 0xb695be10
Event: 0.017 loading class 0xb695be10 done
Event: 0.017 loading class 0xb6958658
Event: 0.017 loading class 0xb6958658 done
Event: 0.017 loading class 0xb6963ef0
Event: 0.017 loading class 0xb6963ef0 done
Event: 0.017 loading class 0xb6963f20
Event: 0.017 loading class 0xb6963f20 done


Dynamic libraries:
08048000-08049000 r-xp 00000000 fd:02 1316071    /home/tomw/java/jdk1.7.0_17/bin/java
08049000-0804a000 rw-p 00000000 fd:02 1316071    /home/tomw/java/jdk1.7.0_17/bin/java
081f6000-08217000 rw-p 00000000 00:00 0          [heap]
42736000-42755000 r-xp 00000000 fd:01 415955     /usr/lib/ld-2.15.so
42755000-42756000 r--p 0001e000 fd:01 415955     /usr/lib/ld-2.15.so
42756000-42757000 rw-p 0001f000 fd:01 415955     /usr/lib/ld-2.15.so
42759000-42904000 r-xp 00000000 fd:01 415956     /usr/lib/libc-2.15.so
42904000-42905000 ---p 001ab000 fd:01 415956     /usr/lib/libc-2.15.so
42905000-42907000 r--p 001ab000 fd:01 415956     /usr/lib/libc-2.15.so
42907000-42908000 rw-p 001ad000 fd:01 415956     /usr/lib/libc-2.15.so
42908000-4290b000 rw-p 00000000 00:00 0 
4290d000-42923000 r-xp 00000000 fd:01 415958     /usr/lib/libpthread-2.15.so
42923000-42924000 r--p 00015000 fd:01 415958     /usr/lib/libpthread-2.15.so
42924000-42925000 rw-p 00016000 fd:01 415958     /usr/lib/libpthread-2.15.so
42925000-42927000 rw-p 00000000 00:00 0 
42929000-4292c000 r-xp 00000000 fd:01 415957     /usr/lib/libdl-2.15.so
4292c000-4292d000 r--p 00002000 fd:01 415957     /usr/lib/libdl-2.15.so
4292d000-4292e000 rw-p 00003000 fd:01 415957     /usr/lib/libdl-2.15.so
42930000-42937000 r-xp 00000000 fd:01 403172     /usr/lib/librt-2.15.so
42937000-42938000 r--p 00006000 fd:01 403172     /usr/lib/librt-2.15.so
42938000-42939000 rw-p 00007000 fd:01 403172     /usr/lib/librt-2.15.so
4293b000-42964000 r-xp 00000000 fd:01 415959     /usr/lib/libm-2.15.so
42964000-42965000 r--p 00028000 fd:01 415959     /usr/lib/libm-2.15.so
42965000-42966000 rw-p 00029000 fd:01 415959     /usr/lib/libm-2.15.so
42b1f000-42b2a000 r-xp 00000000 fd:01 407321     /usr/lib/libnss_files-2.15.so
42b2a000-42b2b000 r--p 0000a000 fd:01 407321     /usr/lib/libnss_files-2.15.so
42b2b000-42b2c000 rw-p 0000b000 fd:01 407321     /usr/lib/libnss_files-2.15.so
6f07f000-6f080000 ---p 00000000 00:00 0 
6f080000-6f100000 rw-p 00000000 00:00 0 
6f100000-6f138000 rw-p 00000000 00:00 0 
6f138000-6f200000 ---p 00000000 00:00 0 
6f23c000-6f287000 rw-p 00000000 00:00 0 
6f287000-6f443000 r--s 039dc000 fd:02 1189666    /home/tomw/java/jdk1.7.0_17/jre/lib/rt.jar
6f443000-71f00000 rw-p 00000000 00:00 0 
71f00000-71f21000 rw-p 00000000 00:00 0 
71f21000-72000000 ---p 00000000 00:00 0 
7207f000-72080000 ---p 00000000 00:00 0 
72080000-72100000 rw-p 00000000 00:00 0 
72100000-72121000 rw-p 00000000 00:00 0 
72121000-72200000 ---p 00000000 00:00 0 
7226f000-72270000 ---p 00000000 00:00 0 
72270000-72305000 rw-p 00000000 00:00 0 
72305000-72436000 rw-p 00000000 00:00 0 
72436000-7243e000 rw-p 00000000 00:00 0 
7243e000-72456000 rw-p 00000000 00:00 0 
72456000-7246b000 rw-p 00000000 00:00 0 
7246b000-7259c000 rw-p 00000000 00:00 0 
7259c000-725a7000 rw-p 00000000 00:00 0 
725a7000-7263f000 rw-p 00000000 00:00 0 
7263f000-73640000 rw-p 00000000 00:00 0 
73640000-76640000 rw-p 00000000 00:00 0 
76640000-78f00000 rw-p 00000000 00:00 0 
78f00000-9f240000 rw-p 00000000 00:00 0 
9f240000-a06a0000 rw-p 00000000 00:00 0 
a06a0000-b3840000 rw-p 00000000 00:00 0 
b3840000-b3849000 rw-p 00000000 00:00 0 
b3849000-b3900000 rw-p 00000000 00:00 0 
b3900000-b3b40000 rwxp 00000000 00:00 0 
b3b40000-b69f7000 rw-p 00000000 00:00 0 
b69f7000-b6a00000 ---p 00000000 00:00 0 
b6a20000-b6a79000 rw-p 00000000 00:00 0 
b6a79000-b6a91000 rw-p 00000000 00:00 0 
b6a91000-b6aa8000 r-xp 00000000 fd:02 144929     /home/tomw/java/jdk1.7.0_17/jre/lib/i386/libzip.so
b6aa8000-b6aa9000 rw-p 00017000 fd:02 144929     /home/tomw/java/jdk1.7.0_17/jre/lib/i386/libzip.so
b6aa9000-b6ab1000 rw-s 00000000 fd:01 2099424    /tmp/hsperfdata_tomw/25541
b6ab1000-b6ad4000 r-xp 00000000 fd:02 144920     /home/tomw/java/jdk1.7.0_17/jre/lib/i386/libjava.so
b6ad4000-b6ad5000 rw-p 00023000 fd:02 144920     /home/tomw/java/jdk1.7.0_17/jre/lib/i386/libjava.so
b6ad5000-b6ad8000 ---p 00000000 00:00 0 
b6ad8000-b6b26000 rw-p 00000000 00:00 0 
b6b26000-b72df000 r-xp 00000000 fd:02 397975     /home/tomw/java/jdk1.7.0_17/jre/lib/i386/server/libjvm.so
b72df000-b7331000 rw-p 007b9000 fd:02 397975     /home/tomw/java/jdk1.7.0_17/jre/lib/i386/server/libjvm.so
b7331000-b7755000 rw-p 00000000 00:00 0 
b7755000-b7768000 r-xp 00000000 fd:02 144901     /home/tomw/java/jdk1.7.0_17/jre/lib/i386/jli/libjli.so
b7768000-b7769000 rw-p 00012000 fd:02 144901     /home/tomw/java/jdk1.7.0_17/jre/lib/i386/jli/libjli.so
b776d000-b776e000 rw-p 00000000 00:00 0 
b776e000-b776f000 r--p 00000000 00:00 0 
b776f000-b777a000 r-xp 00000000 fd:02 144902     /home/tomw/java/jdk1.7.0_17/jre/lib/i386/libverify.so
b777a000-b777b000 rw-p 0000b000 fd:02 144902     /home/tomw/java/jdk1.7.0_17/jre/lib/i386/libverify.so
b777b000-b777c000 rw-p 00000000 00:00 0 
b777c000-b777d000 r-xp 00000000 00:00 0          [vdso]
bfd80000-bfda1000 rw-p 00000000 00:00 0          [stack]

VM Arguments:
jvm_args: -Dclassworlds.conf=/home/tomw/simple_netbeans/netbeans-7.3/java/maven/bin/m2.conf -Dmaven.home=/home/tomw/simple_netbeans/netbeans-7.3/java/maven 
java_command: org.codehaus.plexus.classworlds.launcher.Launcher -Dnetbeans.deploy=true package
Launcher Type: SUN_STANDARD

Environment Variables:
JAVA_HOME=/home/tomw/java/jdk1.7.0_17
PATH=/usr/local/bin:/usr/bin:/bin:/usr/local/sbin:/usr/sbin:/home/tomw/.local/bin:/home/tomw/bin
USERNAME=tomw
LD_LIBRARY_PATH=/home/tomw/java/jdk1.7.0_17/jre/lib/amd64:/home/tomw/java/jdk1.7.0_17/jre/lib/i386:
SHELL=/bin/bash
DISPLAY=:0

Signal Handlers:
SIGSEGV: [libjvm.so+0x720f90], sa_mask[0]=0x7ffbfeff, sa_flags=0x10000004
SIGBUS: [libjvm.so+0x720f90], sa_mask[0]=0x7ffbfeff, sa_flags=0x10000004
SIGFPE: [libjvm.so+0x5d9de0], sa_mask[0]=0x7ffbfeff, sa_flags=0x10000004
SIGPIPE: [libjvm.so+0x5d9de0], sa_mask[0]=0x7ffbfeff, sa_flags=0x10000004
SIGXFSZ: [libjvm.so+0x5d9de0], sa_mask[0]=0x7ffbfeff, sa_flags=0x10000004
SIGILL: [libjvm.so+0x5d9de0], sa_mask[0]=0x7ffbfeff, sa_flags=0x10000004
SIGUSR1: SIG_DFL, sa_mask[0]=0x00000000, sa_flags=0x00000000
SIGUSR2: [libjvm.so+0x5d96c0], sa_mask[0]=0x00000004, sa_flags=0x10000004
SIGHUP: SIG_DFL, sa_mask[0]=0x00000000, sa_flags=0x00000000
SIGINT: SIG_IGN, sa_mask[0]=0x00000000, sa_flags=0x00000000
SIGTERM: SIG_DFL, sa_mask[0]=0x00000000, sa_flags=0x00000000
SIGQUIT: SIG_DFL, sa_mask[0]=0x00000000, sa_flags=0x00000000


---------------  S Y S T E M  ---------------

OS:Fedora release 17 (Beefy Miracle)

uname:Linux 3.3.4-5.fc17.i686.PAE #1 SMP Mon May 7 17:37:39 UTC 2012 i686
libc:glibc 2.15 NPTL 2.15 
rlimit: STACK 8192k, CORE 0k, NPROC 1024, NOFILE 4096, AS infinity
load average:3.22 3.67 3.26

/proc/meminfo:
MemTotal:        4002932 kB
MemFree:          646236 kB
Buffers:           31592 kB
Cached:           241864 kB
SwapCached:        68152 kB
Active:          2029912 kB
Inactive:         916556 kB
Active(anon):    1874376 kB
Inactive(anon):   809044 kB
Active(file):     155536 kB
Inactive(file):   107512 kB
Unevictable:          32 kB
Mlocked:              32 kB
HighTotal:       3153924 kB
HighFree:         439516 kB
LowTotal:         849008 kB
LowFree:          206720 kB
SwapTotal:       5472252 kB
SwapFree:        4817328 kB
Dirty:              1420 kB
Writeback:             0 kB
AnonPages:       2640000 kB
Mapped:            70488 kB
Shmem:             10368 kB
Slab:              78880 kB
SReclaimable:      41940 kB
SUnreclaim:        36940 kB
KernelStack:       10216 kB
PageTables:        15468 kB
NFS_Unstable:          0 kB
Bounce:                0 kB
WritebackTmp:          0 kB
CommitLimit:     7473716 kB
Committed_AS:    5503324 kB
VmallocTotal:     122880 kB
VmallocUsed:       36408 kB
VmallocChunk:      81376 kB
HardwareCorrupted:     0 kB
AnonHugePages:   1648640 kB
HugePages_Total:       0
HugePages_Free:        0
HugePages_Rsvd:        0
HugePages_Surp:        0
Hugepagesize:       2048 kB
DirectMap4k:       10232 kB
DirectMap2M:      897024 kB


CPU:total 2 (2 cores per cpu, 1 threads per core) family 6 model 23 stepping 10, cmov, cx8, fxsr, mmx, sse, sse2, sse3, ssse3, sse4.1, tsc

/proc/cpuinfo:
processor	: 0
vendor_id	: GenuineIntel
cpu family	: 6
model		: 23
model name	: Intel(R) Core(TM)2 Duo CPU     E8600  @ 3.33GHz
stepping	: 10
microcode	: 0xa0b
cpu MHz		: 3324.712
cache size	: 6144 KB
physical id	: 0
siblings	: 2
core id		: 0
cpu cores	: 2
apicid		: 0
initial apicid	: 0
fdiv_bug	: no
hlt_bug		: no
f00f_bug	: no
coma_bug	: no
fpu		: yes
fpu_exception	: yes
cpuid level	: 13
wp		: yes
flags		: fpu vme de pse tsc msr pae mce cx8 apic sep mtrr pge mca cmov pat pse36 clflush dts acpi mmx fxsr sse sse2 ss ht tm pbe nx lm constant_tsc arch_perfmon pebs bts aperfmperf pni dtes64 monitor ds_cpl vmx smx est tm2 ssse3 cx16 xtpr pdcm sse4_1 xsave lahf_lm dts tpr_shadow vnmi flexpriority
bogomips	: 6649.42
clflush size	: 64
cache_alignment	: 64
address sizes	: 36 bits physical, 48 bits virtual
power management:

processor	: 1
vendor_id	: GenuineIntel
cpu family	: 6
model		: 23
model name	: Intel(R) Core(TM)2 Duo CPU     E8600  @ 3.33GHz
stepping	: 10
microcode	: 0xa0b
cpu MHz		: 3324.712
cache size	: 6144 KB
physical id	: 0
siblings	: 2
core id		: 1
cpu cores	: 2
apicid		: 1
initial apicid	: 1
fdiv_bug	: no
hlt_bug		: no
f00f_bug	: no
coma_bug	: no
fpu		: yes
fpu_exception	: yes
cpuid level	: 13
wp		: yes
flags		: fpu vme de pse tsc msr pae mce cx8 apic sep mtrr pge mca cmov pat pse36 clflush dts acpi mmx fxsr sse sse2 ss ht tm pbe nx lm constant_tsc arch_perfmon pebs bts aperfmperf pni dtes64 monitor ds_cpl vmx smx est tm2 ssse3 cx16 xtpr pdcm sse4_1 xsave lahf_lm dts tpr_shadow vnmi flexpriority
bogomips	: 6649.42
clflush size	: 64
cache_alignment	: 64
address sizes	: 36 bits physical, 48 bits virtual
power management:



Memory: 4k page, physical 4002932k(646236k free), swap 5472252k(4817328k free)

vm_info: Java HotSpot(TM) Server VM (23.7-b01) for linux-x86 JRE (1.7.0_17-b02), built on Mar  1 2013 03:07:01 by "java_re" with gcc 4.3.0 20080428 (Red Hat 4.3.0-8)

time: Fri Apr  5 12:52:06 2013
elapsed time: 0 seconds

