#
# There is insufficient memory for the Java Runtime Environment to continue.
# Cannot create GC thread. Out of system resources.
# Possible reasons:
#   The system is out of physical RAM or swap space
#   In 32 bit mode, the process size limit was hit
# Possible solutions:
#   Reduce memory load on the system
#   Increase physical memory or swap space
#   Check if swap backing store is full
#   Use 64 bit Java on a 64 bit OS
#   Decrease Java heap size (-Xmx/-Xms)
#   Decrease number of Java threads
#   Decrease Java thread stack sizes (-Xss)
#   Set larger code cache with -XX:ReservedCodeCacheSize=
# This output file may be truncated or incomplete.
#
#  Out of Memory Error (gcTaskThread.cpp:46), pid=5606, tid=3078280896
#
# JRE version: 7.0_05-b05
# Java VM: Java HotSpot(TM) Server VM (23.1-b03 mixed mode linux-x86 )
# Failed to write core dump. Core dumps have been disabled. To enable core dumping, try "ulimit -c unlimited" before starting Java again
#

---------------  T H R E A D  ---------------

Current thread (0x0950f800):  JavaThread "Unknown thread" [_thread_in_vm, id=5606, stack(0xbff35000,0xbff85000)]

Stack: [0xbff35000,0xbff85000],  sp=0xbff7e000,  free space=292k
Native frames: (J=compiled Java code, j=interpreted, Vv=VM code, C=native code)
V  [libjvm.so+0x71b689]  VMError::report_and_die()+0x199
V  [libjvm.so+0x2e6062]  report_vm_out_of_memory(char const*, int, unsigned int, char const*)+0x72
V  [libjvm.so+0x3922fb]  GCTaskThread::GCTaskThread(GCTaskManager*, unsigned int, unsigned int)+0xcb
V  [libjvm.so+0x390eda]  GCTaskManager::initialize()+0x1ea
V  [libjvm.so+0x5f2460]  ParallelScavengeHeap::initialize()+0x510
V  [libjvm.so+0x6f5db3]  Universe::initialize_heap()+0xa3
V  [libjvm.so+0x6f7d29]  universe_init()+0x59
V  [libjvm.so+0x3d8e05]  init_globals()+0x55
V  [libjvm.so+0x6e0029]  Threads::create_vm(JavaVMInitArgs*, bool*)+0x1f9
V  [libjvm.so+0x42073c]  JNI_CreateJavaVM+0x5c
C  [libjli.so+0x2a61]  JavaMain+0xa1
C  [libjli.so+0xd3de]  ContinueInNewThread0+0x7e
C  [libjli.so+0x1af6]  ContinueInNewThread+0x86
C  [libjli.so+0xd2db]  JVMInit+0x5b
C  [libjli.so+0x48d5]  JLI_Launch+0x405
C  [java+0x59d]  __libc_start_main@@GLIBC_2.0+0x59d


---------------  P R O C E S S  ---------------

Java Threads: ( => current thread )

Other Threads:

=>0x0950f800 (exited) JavaThread "Unknown thread" [_thread_in_vm, id=5606, stack(0xbff35000,0xbff85000)]

VM state:not at safepoint (not fully initialized)

VM Mutex/Monitor currently owned by a thread: None

GC Heap History (0 events):
No events

Deoptimization events (0 events):
No events

Internal exceptions (0 events):
No events

Events (0 events):
No events


Dynamic libraries:
08048000-08049000 r-xp 00000000 fd:02 1050334    /home/tomw/java/jdk1.7.0_05/jre/bin/java
08049000-0804a000 rw-p 00000000 fd:02 1050334    /home/tomw/java/jdk1.7.0_05/jre/bin/java
09509000-0952a000 rw-p 00000000 00:00 0          [heap]
42736000-42755000 r-xp 00000000 fd:01 415955     /usr/lib/ld-2.15.so
42755000-42756000 r--p 0001e000 fd:01 415955     /usr/lib/ld-2.15.so
42756000-42757000 rw-p 0001f000 fd:01 415955     /usr/lib/ld-2.15.so
42759000-42904000 r-xp 00000000 fd:01 415956     /usr/lib/libc-2.15.so
42904000-42905000 ---p 001ab000 fd:01 415956     /usr/lib/libc-2.15.so
42905000-42907000 r--p 001ab000 fd:01 415956     /usr/lib/libc-2.15.so
42907000-42908000 rw-p 001ad000 fd:01 415956     /usr/lib/libc-2.15.so
42908000-4290b000 rw-p 00000000 00:00 0 
4290d000-42923000 r-xp 00000000 fd:01 415958     /usr/lib/libpthread-2.15.so
42923000-42924000 r--p 00015000 fd:01 415958     /usr/lib/libpthread-2.15.so
42924000-42925000 rw-p 00016000 fd:01 415958     /usr/lib/libpthread-2.15.so
42925000-42927000 rw-p 00000000 00:00 0 
42929000-4292c000 r-xp 00000000 fd:01 415957     /usr/lib/libdl-2.15.so
4292c000-4292d000 r--p 00002000 fd:01 415957     /usr/lib/libdl-2.15.so
4292d000-4292e000 rw-p 00003000 fd:01 415957     /usr/lib/libdl-2.15.so
42930000-42937000 r-xp 00000000 fd:01 403172     /usr/lib/librt-2.15.so
42937000-42938000 r--p 00006000 fd:01 403172     /usr/lib/librt-2.15.so
42938000-42939000 rw-p 00007000 fd:01 403172     /usr/lib/librt-2.15.so
4293b000-42964000 r-xp 00000000 fd:01 415959     /usr/lib/libm-2.15.so
42964000-42965000 r--p 00028000 fd:01 415959     /usr/lib/libm-2.15.so
42965000-42966000 rw-p 00029000 fd:01 415959     /usr/lib/libm-2.15.so
42b1f000-42b2a000 r-xp 00000000 fd:01 407321     /usr/lib/libnss_files-2.15.so
42b2a000-42b2b000 r--p 0000a000 fd:01 407321     /usr/lib/libnss_files-2.15.so
42b2b000-42b2c000 rw-p 0000b000 fd:01 407321     /usr/lib/libnss_files-2.15.so
7226c000-7243f000 rw-p 00000000 00:00 0 
7243f000-72440000 ---p 00000000 00:00 0 
72440000-724c8000 rw-p 00000000 00:00 0 
724c8000-724e0000 rw-p 00000000 00:00 0 
724e0000-724f5000 rw-p 00000000 00:00 0 
724f5000-72626000 rw-p 00000000 00:00 0 
72626000-7262e000 rw-p 00000000 00:00 0 
7262e000-72646000 rw-p 00000000 00:00 0 
72646000-7265b000 rw-p 00000000 00:00 0 
7265b000-7278c000 rw-p 00000000 00:00 0 
7278c000-72797000 rw-p 00000000 00:00 0 
72797000-7282f000 rw-p 00000000 00:00 0 
7282f000-73830000 rw-p 00000000 00:00 0 
73830000-76830000 rw-p 00000000 00:00 0 
76830000-790f0000 rw-p 00000000 00:00 0 
790f0000-9f430000 rw-p 00000000 00:00 0 
9f430000-a0890000 rw-p 00000000 00:00 0 
a0890000-b3a30000 rw-p 00000000 00:00 0 
b3a30000-b3a39000 rw-p 00000000 00:00 0 
b3a39000-b3af0000 rw-p 00000000 00:00 0 
b3af0000-b3d30000 rwxp 00000000 00:00 0 
b3d30000-b6af0000 rw-p 00000000 00:00 0 
b6af0000-b6b07000 r-xp 00000000 fd:02 1049813    /home/tomw/java/jdk1.7.0_05/jre/lib/i386/libzip.so
b6b07000-b6b08000 rw-p 00017000 fd:02 1049813    /home/tomw/java/jdk1.7.0_05/jre/lib/i386/libzip.so
b6b08000-b6b10000 rw-s 00000000 fd:01 2099998    /tmp/hsperfdata_tomw/5606
b6b10000-b6b33000 r-xp 00000000 fd:02 1049804    /home/tomw/java/jdk1.7.0_05/jre/lib/i386/libjava.so
b6b33000-b6b34000 rw-p 00023000 fd:02 1049804    /home/tomw/java/jdk1.7.0_05/jre/lib/i386/libjava.so
b6b34000-b6b35000 ---p 00000000 00:00 0 
b6b35000-b6b85000 rw-p 00000000 00:00 0 
b6b85000-b7339000 r-xp 00000000 fd:02 1049779    /home/tomw/java/jdk1.7.0_05/jre/lib/i386/server/libjvm.so
b7339000-b738b000 rw-p 007b3000 fd:02 1049779    /home/tomw/java/jdk1.7.0_05/jre/lib/i386/server/libjvm.so
b738b000-b77af000 rw-p 00000000 00:00 0 
b77af000-b77c2000 r-xp 00000000 fd:02 1049793    /home/tomw/java/jdk1.7.0_05/jre/lib/i386/jli/libjli.so
b77c2000-b77c3000 rw-p 00012000 fd:02 1049793    /home/tomw/java/jdk1.7.0_05/jre/lib/i386/jli/libjli.so
b77c3000-b77c7000 rw-p 00000000 00:00 0 
b77c7000-b77c8000 r--p 00000000 00:00 0 
b77c8000-b77d4000 r-xp 00000000 fd:02 1049794    /home/tomw/java/jdk1.7.0_05/jre/lib/i386/libverify.so
b77d4000-b77d5000 rw-p 0000c000 fd:02 1049794    /home/tomw/java/jdk1.7.0_05/jre/lib/i386/libverify.so
b77d5000-b77d6000 rw-p 00000000 00:00 0 
b77d6000-b77d7000 r-xp 00000000 00:00 0          [vdso]
bff35000-bff38000 ---p 00000000 00:00 0 
bff39000-bff85000 rw-p 00000000 00:00 0          [stack]

VM Arguments:
java_command: /home/tomw/NetBeansProjects/dashboard2/target/surefire/surefirebooter2865695350809967798.jar /home/tomw/NetBeansProjects/dashboard2/target/surefire/surefire4499061597819923100tmp /home/tomw/NetBeansProjects/dashboard2/target/surefire/surefire8830035206328106875tmp
Launcher Type: SUN_STANDARD

Environment Variables:
JAVA_HOME=/home/tomw/java/jdk1.7.0_05
PATH=/usr/local/bin:/usr/bin:/bin:/usr/local/sbin:/usr/sbin:/home/tomw/.local/bin:/home/tomw/bin
USERNAME=tomw
SHELL=/bin/bash
DISPLAY=:0

Signal Handlers:
SIGSEGV: [libjvm.so+0x71c1d0], sa_mask[0]=0x7ffbfeff, sa_flags=0x10000004
SIGBUS: [libjvm.so+0x71c1d0], sa_mask[0]=0x7ffbfeff, sa_flags=0x10000004
SIGFPE: [libjvm.so+0x5d5ac0], sa_mask[0]=0x7ffbfeff, sa_flags=0x10000004
SIGPIPE: [libjvm.so+0x5d5ac0], sa_mask[0]=0x7ffbfeff, sa_flags=0x10000004
SIGXFSZ: [libjvm.so+0x5d5ac0], sa_mask[0]=0x7ffbfeff, sa_flags=0x10000004
SIGILL: [libjvm.so+0x5d5ac0], sa_mask[0]=0x7ffbfeff, sa_flags=0x10000004
SIGUSR1: SIG_DFL, sa_mask[0]=0x00000000, sa_flags=0x00000000
SIGUSR2: [libjvm.so+0x5d53a0], sa_mask[0]=0x00000004, sa_flags=0x10000004
SIGHUP: SIG_DFL, sa_mask[0]=0x00000000, sa_flags=0x00000000
SIGINT: SIG_IGN, sa_mask[0]=0x00000000, sa_flags=0x00000000
SIGTERM: SIG_DFL, sa_mask[0]=0x00000000, sa_flags=0x00000000
SIGQUIT: SIG_DFL, sa_mask[0]=0x00000000, sa_flags=0x00000000


---------------  S Y S T E M  ---------------

OS:Fedora release 17 (Beefy Miracle)

uname:Linux 3.3.4-5.fc17.i686.PAE #1 SMP Mon May 7 17:37:39 UTC 2012 i686
libc:glibc 2.15 NPTL 2.15 
rlimit: STACK 8192k, CORE 0k, NPROC 1024, NOFILE 4096, AS infinity
load average:4.38 5.42 4.77

/proc/meminfo:
MemTotal:        4002932 kB
MemFree:          469620 kB
Buffers:           16684 kB
Cached:           212492 kB
SwapCached:       214352 kB
Active:          2066864 kB
Inactive:         883724 kB
Active(anon):    1943428 kB
Inactive(anon):   786500 kB
Active(file):     123436 kB
Inactive(file):    97224 kB
Unevictable:          48 kB
Mlocked:              48 kB
HighTotal:       3153924 kB
HighFree:         243112 kB
LowTotal:         849008 kB
LowFree:          226508 kB
SwapTotal:       5472252 kB
SwapFree:        3797912 kB
Dirty:              6156 kB
Writeback:             0 kB
AnonPages:       2591096 kB
Mapped:            64452 kB
Shmem:              8360 kB
Slab:              80004 kB
SReclaimable:      39364 kB
SUnreclaim:        40640 kB
KernelStack:       10040 kB
PageTables:        21260 kB
NFS_Unstable:          0 kB
Bounce:                0 kB
WritebackTmp:          0 kB
CommitLimit:     7473716 kB
Committed_AS:    7287952 kB
VmallocTotal:     122880 kB
VmallocUsed:       37268 kB
VmallocChunk:      65732 kB
HardwareCorrupted:     0 kB
AnonHugePages:   1220608 kB
HugePages_Total:       0
HugePages_Free:        0
HugePages_Rsvd:        0
HugePages_Surp:        0
Hugepagesize:       2048 kB
DirectMap4k:      217080 kB
DirectMap2M:      690176 kB


CPU:total 2 (2 cores per cpu, 1 threads per core) family 6 model 23 stepping 10, cmov, cx8, fxsr, mmx, sse, sse2, sse3, ssse3, sse4.1, tsc

/proc/cpuinfo:
processor	: 0
vendor_id	: GenuineIntel
cpu family	: 6
model		: 23
model name	: Intel(R) Core(TM)2 Duo CPU     E8600  @ 3.33GHz
stepping	: 10
microcode	: 0xa0b
cpu MHz		: 3324.712
cache size	: 6144 KB
physical id	: 0
siblings	: 2
core id		: 0
cpu cores	: 2
apicid		: 0
initial apicid	: 0
fdiv_bug	: no
hlt_bug		: no
f00f_bug	: no
coma_bug	: no
fpu		: yes
fpu_exception	: yes
cpuid level	: 13
wp		: yes
flags		: fpu vme de pse tsc msr pae mce cx8 apic sep mtrr pge mca cmov pat pse36 clflush dts acpi mmx fxsr sse sse2 ss ht tm pbe nx lm constant_tsc arch_perfmon pebs bts aperfmperf pni dtes64 monitor ds_cpl vmx smx est tm2 ssse3 cx16 xtpr pdcm sse4_1 xsave lahf_lm dts tpr_shadow vnmi flexpriority
bogomips	: 6649.42
clflush size	: 64
cache_alignment	: 64
address sizes	: 36 bits physical, 48 bits virtual
power management:

processor	: 1
vendor_id	: GenuineIntel
cpu family	: 6
model		: 23
model name	: Intel(R) Core(TM)2 Duo CPU     E8600  @ 3.33GHz
stepping	: 10
microcode	: 0xa0b
cpu MHz		: 3324.712
cache size	: 6144 KB
physical id	: 0
siblings	: 2
core id		: 1
cpu cores	: 2
apicid		: 1
initial apicid	: 1
fdiv_bug	: no
hlt_bug		: no
f00f_bug	: no
coma_bug	: no
fpu		: yes
fpu_exception	: yes
cpuid level	: 13
wp		: yes
flags		: fpu vme de pse tsc msr pae mce cx8 apic sep mtrr pge mca cmov pat pse36 clflush dts acpi mmx fxsr sse sse2 ss ht tm pbe nx lm constant_tsc arch_perfmon pebs bts aperfmperf pni dtes64 monitor ds_cpl vmx smx est tm2 ssse3 cx16 xtpr pdcm sse4_1 xsave lahf_lm dts tpr_shadow vnmi flexpriority
bogomips	: 6649.42
clflush size	: 64
cache_alignment	: 64
address sizes	: 36 bits physical, 48 bits virtual
power management:



Memory: 4k page, physical 4002932k(469620k free), swap 5472252k(3797912k free)

vm_info: Java HotSpot(TM) Server VM (23.1-b03) for linux-x86 JRE (1.7.0_05-b05), built on May 15 2012 17:24:38 by "java_re" with gcc 4.3.0 20080428 (Red Hat 4.3.0-8)

time: Thu May 23 10:00:54 2013
elapsed time: 0 seconds

