#
# A fatal error has been detected by the Java Runtime Environment:
#
#  SIGSEGV (0xb) at pc=0x00000000, pid=9448, tid=3065064256
#
# JRE version: 7.0_05-b05
# Java VM: Java HotSpot(TM) Server VM (23.1-b03 mixed mode linux-x86 )
# Problematic frame:
# C  0x00000000
#
# Failed to write core dump. Core dumps have been disabled. To enable core dumping, try "ulimit -c unlimited" before starting Java again
#
# If you would like to submit a bug report, please visit:
#   http://bugreport.sun.com/bugreport/crash.jsp
#

---------------  T H R E A D  ---------------

Current thread (0xb6905c00):  JavaThread "main" [_thread_in_Java, id=9454, stack(0xb6ac2000,0xb6b13000)]

siginfo:si_signo=SIGSEGV: si_errno=0, si_code=1 (SEGV_MAPERR), si_addr=0x00000000

Registers:
EAX=0x00000000, EBX=0x7264e130, ECX=0x9f240d98, EDX=0x0c800001
ESP=0xb6b11690, EBP=0xb6b116b8, ESI=0xb6b11694, EDI=0xb6b116bc
EIP=0x00000000, EFLAGS=0x00210246, CR2=0x00000000

Top of Stack: (sp=0xb6b11690)
0xb6b11690:   b39036fb 9f240d98 b6b11698 726589fb
0xb6b116a0:   b6b116bc 726b35c8 00000000 72658a38
0xb6b116b0:   b6b11694 b6b116c0 b6b116d8 b3900459
0xb6b116c0:   72658a38 ffffffff 00001f80 b7304c50
0xb6b116d0:   b6905fd4 b6b11724 b6b11768 b6f21bf5
0xb6b116e0:   b6b11724 b6b11824 0000000a 72658a38
0xb6b116f0:   b3909c40 b6b117e0 00000000 b6905c00
0xb6b11700:   b6b11724 b6b11744 b3909c40 0000000a 

Instructions: (pc=0x00000000)
0xffffffe0:   

Register to memory mapping:

EAX=0x00000000 is an unknown value
EBX=0x7264e130 is an oop
{method} 
 - klass: {other class}
ECX=0x9f240d98 is an oop
java.lang.Class 
 - klass: 'java/lang/Class'
EDX=0x0c800001 is an unknown value
ESP=0xb6b11690 is pointing into the stack for thread: 0xb6905c00
EBP=0xb6b116b8 is pointing into the stack for thread: 0xb6905c00
ESI=0xb6b11694 is pointing into the stack for thread: 0xb6905c00
EDI=0xb6b116bc is pointing into the stack for thread: 0xb6905c00


Stack: [0xb6ac2000,0xb6b13000],  sp=0xb6b11690,  free space=317k

---------------  P R O C E S S  ---------------

Java Threads: ( => current thread )
  0x6f136000 JavaThread "Reference Handler" daemon [_thread_new, id=9458, stack(0x00000000,0x00000000)]
=>0xb6905c00 JavaThread "main" [_thread_in_Java, id=9454, stack(0xb6ac2000,0xb6b13000)]

Other Threads:
  0x6f130800 VMThread [stack: 0x6f07f000,0x6f100000] [id=9457]

VM state:not at safepoint (normal execution)

VM Mutex/Monitor currently owned by a thread: None

Heap
 PSYoungGen      total 18304K, used 314K [0x9f240000, 0xa06a0000, 0xb3840000)
  eden space 15744K, 2% used [0x9f240000,0x9f28ebf8,0xa01a0000)
  from space 2560K, 0% used [0xa0420000,0xa0420000,0xa06a0000)
  to   space 2560K, 0% used [0xa01a0000,0xa01a0000,0xa0420000)
 ParOldGen       total 41728K, used 0K [0x76640000, 0x78f00000, 0x9f240000)
  object space 41728K, 0% used [0x76640000,0x76640000,0x78f00000)
 PSPermGen       total 16384K, used 551K [0x72640000, 0x73640000, 0x76640000)
  object space 16384K, 3% used [0x72640000,0x726c9db0,0x73640000)

Code Cache  [0xb3900000, 0xb3b40000, 0xb6900000)
 total_blobs=42 nmethods=0 adapters=18 free_code_cache=48880Kb largest_free_block=50053696

Compilation events (0 events):
No events

GC Heap History (0 events):
No events

Deoptimization events (0 events):
No events

Internal exceptions (0 events):
No events

Events (10 events):
Event: 0.019 loading class 0xb6962c70 done
Event: 0.019 Thread 0x6f136000 Thread added: 0x6f136000
Event: 0.019 loading class 0xb6962cb0
Event: 0.019 loading class 0xb6962cb0 done
Event: 0.019 loading class 0x6f137958
Event: 0.019 loading class 0x6f137958 done
Event: 0.019 loading class 0x6f135f50
Event: 0.019 loading class 0x6f135f50 done
Event: 0.019 loading class 0xb69642f0
Event: 0.019 loading class 0xb69642f0 done


Dynamic libraries:
08048000-08049000 r-xp 00000000 fd:02 1049509    /home/tomw/java/jdk1.7.0_05/bin/java
08049000-0804a000 rw-p 00000000 fd:02 1049509    /home/tomw/java/jdk1.7.0_05/bin/java
08d32000-08d53000 rw-p 00000000 00:00 0          [heap]
42736000-42755000 r-xp 00000000 fd:01 415955     /usr/lib/ld-2.15.so
42755000-42756000 r--p 0001e000 fd:01 415955     /usr/lib/ld-2.15.so
42756000-42757000 rw-p 0001f000 fd:01 415955     /usr/lib/ld-2.15.so
42759000-42904000 r-xp 00000000 fd:01 415956     /usr/lib/libc-2.15.so
42904000-42905000 ---p 001ab000 fd:01 415956     /usr/lib/libc-2.15.so
42905000-42907000 r--p 001ab000 fd:01 415956     /usr/lib/libc-2.15.so
42907000-42908000 rw-p 001ad000 fd:01 415956     /usr/lib/libc-2.15.so
42908000-4290b000 rw-p 00000000 00:00 0 
4290d000-42923000 r-xp 00000000 fd:01 415958     /usr/lib/libpthread-2.15.so
42923000-42924000 r--p 00015000 fd:01 415958     /usr/lib/libpthread-2.15.so
42924000-42925000 rw-p 00016000 fd:01 415958     /usr/lib/libpthread-2.15.so
42925000-42927000 rw-p 00000000 00:00 0 
42929000-4292c000 r-xp 00000000 fd:01 415957     /usr/lib/libdl-2.15.so
4292c000-4292d000 r--p 00002000 fd:01 415957     /usr/lib/libdl-2.15.so
4292d000-4292e000 rw-p 00003000 fd:01 415957     /usr/lib/libdl-2.15.so
42930000-42937000 r-xp 00000000 fd:01 403172     /usr/lib/librt-2.15.so
42937000-42938000 r--p 00006000 fd:01 403172     /usr/lib/librt-2.15.so
42938000-42939000 rw-p 00007000 fd:01 403172     /usr/lib/librt-2.15.so
4293b000-42964000 r-xp 00000000 fd:01 415959     /usr/lib/libm-2.15.so
42964000-42965000 r--p 00028000 fd:01 415959     /usr/lib/libm-2.15.so
42965000-42966000 rw-p 00029000 fd:01 415959     /usr/lib/libm-2.15.so
42b1f000-42b2a000 r-xp 00000000 fd:01 407321     /usr/lib/libnss_files-2.15.so
42b2a000-42b2b000 r--p 0000a000 fd:01 407321     /usr/lib/libnss_files-2.15.so
42b2b000-42b2c000 rw-p 0000b000 fd:01 407321     /usr/lib/libnss_files-2.15.so
6efdd000-6f07f000 rw-p 00000000 00:00 0 
6f07f000-6f080000 ---p 00000000 00:00 0 
6f080000-6f100000 rw-p 00000000 00:00 0 
6f100000-6f13a000 rw-p 00000000 00:00 0 
6f13a000-6f200000 ---p 00000000 00:00 0 
6f238000-6f283000 rw-p 00000000 00:00 0 
6f283000-6f443000 r--s 03a30000 fd:02 1049664    /home/tomw/java/jdk1.7.0_05/jre/lib/rt.jar
6f443000-71f00000 rw-p 00000000 00:00 0 
71f00000-71f21000 rw-p 00000000 00:00 0 
71f21000-72000000 ---p 00000000 00:00 0 
7207f000-72080000 ---p 00000000 00:00 0 
72080000-72100000 rw-p 00000000 00:00 0 
72100000-72121000 rw-p 00000000 00:00 0 
72121000-72200000 ---p 00000000 00:00 0 
7226f000-72270000 ---p 00000000 00:00 0 
72270000-72305000 rw-p 00000000 00:00 0 
72305000-72436000 rw-p 00000000 00:00 0 
72436000-7243e000 rw-p 00000000 00:00 0 
7243e000-72456000 rw-p 00000000 00:00 0 
72456000-7246b000 rw-p 00000000 00:00 0 
7246b000-7259c000 rw-p 00000000 00:00 0 
7259c000-725a7000 rw-p 00000000 00:00 0 
725a7000-7263f000 rw-p 00000000 00:00 0 
7263f000-73640000 rw-p 00000000 00:00 0 
73640000-76640000 rw-p 00000000 00:00 0 
76640000-78f00000 rw-p 00000000 00:00 0 
78f00000-9f240000 rw-p 00000000 00:00 0 
9f240000-a06a0000 rw-p 00000000 00:00 0 
a06a0000-b3840000 rw-p 00000000 00:00 0 
b3840000-b3849000 rw-p 00000000 00:00 0 
b3849000-b3900000 rw-p 00000000 00:00 0 
b3900000-b3b40000 rwxp 00000000 00:00 0 
b3b40000-b69f6000 rw-p 00000000 00:00 0 
b69f6000-b6a00000 ---p 00000000 00:00 0 
b6a5e000-b6a66000 rw-p 00000000 00:00 0 
b6a66000-b6a7e000 rw-p 00000000 00:00 0 
b6a7e000-b6a95000 r-xp 00000000 fd:02 1049813    /home/tomw/java/jdk1.7.0_05/jre/lib/i386/libzip.so
b6a95000-b6a96000 rw-p 00017000 fd:02 1049813    /home/tomw/java/jdk1.7.0_05/jre/lib/i386/libzip.so
b6a96000-b6a9e000 rw-s 00000000 fd:01 2099843    /tmp/hsperfdata_tomw/9448
b6a9e000-b6ac1000 r-xp 00000000 fd:02 1049804    /home/tomw/java/jdk1.7.0_05/jre/lib/i386/libjava.so
b6ac1000-b6ac2000 rw-p 00023000 fd:02 1049804    /home/tomw/java/jdk1.7.0_05/jre/lib/i386/libjava.so
b6ac2000-b6ac5000 ---p 00000000 00:00 0 
b6ac5000-b6b13000 rw-p 00000000 00:00 0 
b6b13000-b72c7000 r-xp 00000000 fd:02 1049779    /home/tomw/java/jdk1.7.0_05/jre/lib/i386/server/libjvm.so
b72c7000-b7319000 rw-p 007b3000 fd:02 1049779    /home/tomw/java/jdk1.7.0_05/jre/lib/i386/server/libjvm.so
b7319000-b773d000 rw-p 00000000 00:00 0 
b773d000-b7750000 r-xp 00000000 fd:02 1049793    /home/tomw/java/jdk1.7.0_05/jre/lib/i386/jli/libjli.so
b7750000-b7751000 rw-p 00012000 fd:02 1049793    /home/tomw/java/jdk1.7.0_05/jre/lib/i386/jli/libjli.so
b7754000-b7755000 rw-p 00000000 00:00 0 
b7755000-b7756000 r--p 00000000 00:00 0 
b7756000-b7762000 r-xp 00000000 fd:02 1049794    /home/tomw/java/jdk1.7.0_05/jre/lib/i386/libverify.so
b7762000-b7763000 rw-p 0000c000 fd:02 1049794    /home/tomw/java/jdk1.7.0_05/jre/lib/i386/libverify.so
b7763000-b7764000 rw-p 00000000 00:00 0 
b7764000-b7765000 r-xp 00000000 00:00 0          [vdso]
bfec5000-bfee6000 rw-p 00000000 00:00 0          [stack]

VM Arguments:
jvm_args: -Dclassworlds.conf=/home/tomw/netbeans-7.1.2/java/maven/bin/m2.conf -Dmaven.home=/home/tomw/netbeans-7.1.2/java/maven 
java_command: org.codehaus.plexus.classworlds.launcher.Launcher -Dnetbeans.deploy=true package
Launcher Type: SUN_STANDARD

Environment Variables:
JAVA_HOME=/home/tomw/java/jdk1.7.0_05
PATH=/usr/local/bin:/usr/bin:/bin:/usr/local/sbin:/usr/sbin:/home/tomw/.local/bin:/home/tomw/bin
USERNAME=tomw
SHELL=/bin/bash
DISPLAY=:0

Signal Handlers:
SIGSEGV: [libjvm.so+0x71c1d0], sa_mask[0]=0x7ffbfeff, sa_flags=0x10000004
SIGBUS: [libjvm.so+0x71c1d0], sa_mask[0]=0x7ffbfeff, sa_flags=0x10000004
SIGFPE: [libjvm.so+0x5d5ac0], sa_mask[0]=0x7ffbfeff, sa_flags=0x10000004
SIGPIPE: [libjvm.so+0x5d5ac0], sa_mask[0]=0x7ffbfeff, sa_flags=0x10000004
SIGXFSZ: [libjvm.so+0x5d5ac0], sa_mask[0]=0x7ffbfeff, sa_flags=0x10000004
SIGILL: [libjvm.so+0x5d5ac0], sa_mask[0]=0x7ffbfeff, sa_flags=0x10000004
SIGUSR1: SIG_DFL, sa_mask[0]=0x00000000, sa_flags=0x00000000
SIGUSR2: [libjvm.so+0x5d53a0], sa_mask[0]=0x00000004, sa_flags=0x10000004
SIGHUP: SIG_DFL, sa_mask[0]=0x00000000, sa_flags=0x00000000
SIGINT: SIG_IGN, sa_mask[0]=0x00000000, sa_flags=0x00000000
SIGTERM: SIG_DFL, sa_mask[0]=0x00000000, sa_flags=0x00000000
SIGQUIT: SIG_DFL, sa_mask[0]=0x00000000, sa_flags=0x00000000


---------------  S Y S T E M  ---------------

OS:Fedora release 17 (Beefy Miracle)

uname:Linux 3.3.4-5.fc17.i686.PAE #1 SMP Mon May 7 17:37:39 UTC 2012 i686
libc:glibc 2.15 NPTL 2.15 
rlimit: STACK 8192k, CORE 0k, NPROC 1024, NOFILE 4096, AS infinity
load average:7.33 7.89 9.28

/proc/meminfo:
MemTotal:        4002932 kB
MemFree:          739544 kB
Buffers:           87096 kB
Cached:           620000 kB
SwapCached:        60624 kB
Active:          1981252 kB
Inactive:         831964 kB
Active(anon):    1589332 kB
Inactive(anon):   530204 kB
Active(file):     391920 kB
Inactive(file):   301760 kB
Unevictable:          32 kB
Mlocked:              32 kB
HighTotal:       3153924 kB
HighFree:         314628 kB
LowTotal:         849008 kB
LowFree:          424916 kB
SwapTotal:       5472252 kB
SwapFree:        4957012 kB
Dirty:              6012 kB
Writeback:             0 kB
AnonPages:       2088068 kB
Mapped:            84044 kB
Shmem:             13416 kB
Slab:             108396 kB
SReclaimable:      69600 kB
SUnreclaim:        38796 kB
KernelStack:       10496 kB
PageTables:        13976 kB
NFS_Unstable:          0 kB
Bounce:                0 kB
WritebackTmp:          0 kB
CommitLimit:     7473716 kB
Committed_AS:    5027156 kB
VmallocTotal:     122880 kB
VmallocUsed:       36608 kB
VmallocChunk:      53488 kB
HardwareCorrupted:     0 kB
AnonHugePages:   1103872 kB
HugePages_Total:       0
HugePages_Free:        0
HugePages_Rsvd:        0
HugePages_Surp:        0
Hugepagesize:       2048 kB
DirectMap4k:      137208 kB
DirectMap2M:      770048 kB


CPU:total 2 (2 cores per cpu, 1 threads per core) family 6 model 23 stepping 10, cmov, cx8, fxsr, mmx, sse, sse2, sse3, ssse3, sse4.1, tsc

/proc/cpuinfo:
processor	: 0
vendor_id	: GenuineIntel
cpu family	: 6
model		: 23
model name	: Intel(R) Core(TM)2 Duo CPU     E8600  @ 3.33GHz
stepping	: 10
microcode	: 0xa0b
cpu MHz		: 3325.083
cache size	: 6144 KB
physical id	: 0
siblings	: 2
core id		: 0
cpu cores	: 2
apicid		: 0
initial apicid	: 0
fdiv_bug	: no
hlt_bug		: no
f00f_bug	: no
coma_bug	: no
fpu		: yes
fpu_exception	: yes
cpuid level	: 13
wp		: yes
flags		: fpu vme de pse tsc msr pae mce cx8 apic sep mtrr pge mca cmov pat pse36 clflush dts acpi mmx fxsr sse sse2 ss ht tm pbe nx lm constant_tsc arch_perfmon pebs bts aperfmperf pni dtes64 monitor ds_cpl vmx smx est tm2 ssse3 cx16 xtpr pdcm sse4_1 xsave lahf_lm dts tpr_shadow vnmi flexpriority
bogomips	: 6650.16
clflush size	: 64
cache_alignment	: 64
address sizes	: 36 bits physical, 48 bits virtual
power management:

processor	: 1
vendor_id	: GenuineIntel
cpu family	: 6
model		: 23
model name	: Intel(R) Core(TM)2 Duo CPU     E8600  @ 3.33GHz
stepping	: 10
microcode	: 0xa0b
cpu MHz		: 3325.083
cache size	: 6144 KB
physical id	: 0
siblings	: 2
core id		: 1
cpu cores	: 2
apicid		: 1
initial apicid	: 1
fdiv_bug	: no
hlt_bug		: no
f00f_bug	: no
coma_bug	: no
fpu		: yes
fpu_exception	: yes
cpuid level	: 13
wp		: yes
flags		: fpu vme de pse tsc msr pae mce cx8 apic sep mtrr pge mca cmov pat pse36 clflush dts acpi mmx fxsr sse sse2 ss ht tm pbe nx lm constant_tsc arch_perfmon pebs bts aperfmperf pni dtes64 monitor ds_cpl vmx smx est tm2 ssse3 cx16 xtpr pdcm sse4_1 xsave lahf_lm dts tpr_shadow vnmi flexpriority
bogomips	: 6650.16
clflush size	: 64
cache_alignment	: 64
address sizes	: 36 bits physical, 48 bits virtual
power management:



Memory: 4k page, physical 4002932k(739544k free), swap 5472252k(4957012k free)

vm_info: Java HotSpot(TM) Server VM (23.1-b03) for linux-x86 JRE (1.7.0_05-b05), built on May 15 2012 17:24:38 by "java_re" with gcc 4.3.0 20080428 (Red Hat 4.3.0-8)

time: Tue Jun 25 12:05:03 2013
elapsed time: 0 seconds

